<?xml version="1.0" encoding="UTF-8"?>
<testsuite xmlns:xsi="http://www.w3.org/2001/XMLSchema-instance" xsi:noNamespaceSchemaLocation="https://maven.apache.org/surefire/maven-surefire-plugin/xsd/surefire-test-report.xsd" name="game.DieTest" time="0.14" tests="101" errors="0" skipped="0" failures="0">
  <properties>
[...]
</properties>
  <testcase name="itShouldbe0" classname="game.DieTest" time="0.009"/>
  <testcase name="ItshouldbeBtw1And6[1]" classname="game.DieTest" time="0.001"/>
  <testcase name="ItshouldbeBtw1And6[2]" classname="game.DieTest" time="0.001"/>
  <testcase name="ItshouldbeBtw1And6[3]" classname="game.DieTest" time="0.001"/>
  <testcase name="ItshouldbeBtw1And6[4]" classname="game.DieTest" time="0.001"/>
  <testcase name="ItshouldbeBtw1And6[5]" classname="game.DieTest" time="0.001"/>
  <testcase name="ItshouldbeBtw1And6[6]" classname="game.DieTest" time="0"/>
  <testcase name="ItshouldbeBtw1And6[7]" classname="game.DieTest" time="0"/>
  <testcase name="ItshouldbeBtw1And6[8]" classname="game.DieTest" time="0"/>
  <testcase name="ItshouldbeBtw1And6[9]" classname="game.DieTest" time="0.001"/>
  <testcase name="ItshouldbeBtw1And6[10]" classname="game.DieTest" time="0"/>
  <testcase name="ItshouldbeBtw1And6[11]" classname="game.DieTest" time="0.001"/>
  <testcase name="ItshouldbeBtw1And6[12]" classname="game.DieTest" time="0"/>
  <testcase name="ItshouldbeBtw1And6[13]" classname="game.DieTest" time="0"/>
  <testcase name="ItshouldbeBtw1And6[14]" classname="game.DieTest" time="0.001"/>
  <testcase name="ItshouldbeBtw1And6[15]" classname="game.DieTest" time="0.001"/>
  <testcase name="ItshouldbeBtw1And6[16]" classname="game.DieTest" time="0.001"/>
  <testcase name="ItshouldbeBtw1And6[17]" classname="game.DieTest" time="0"/>
  <testcase name="ItshouldbeBtw1And6[18]" classname="game.DieTest" time="0"/>
  <testcase name="ItshouldbeBtw1And6[19]" classname="game.DieTest" time="0"/>
  <testcase name="ItshouldbeBtw1And6[20]" classname="game.DieTest" time="0"/>
  <testcase name="ItshouldbeBtw1And6[21]" classname="game.DieTest" time="0"/>
  <testcase name="ItshouldbeBtw1And6[22]" classname="game.DieTest" time="0.001"/>
  <testcase name="ItshouldbeBtw1And6[23]" classname="game.DieTest" time="0.001"/>
  <testcase name="ItshouldbeBtw1And6[24]" classname="game.DieTest" time="0"/>
  <testcase name="ItshouldbeBtw1And6[25]" classname="game.DieTest" time="0"/>
  <testcase name="ItshouldbeBtw1And6[26]" classname="game.DieTest" time="0"/>
  <testcase name="ItshouldbeBtw1And6[27]" classname="game.DieTest" time="0"/>
  <testcase name="ItshouldbeBtw1And6[28]" classname="game.DieTest" time="0.001"/>
  <testcase name="ItshouldbeBtw1And6[29]" classname="game.DieTest" time="0.001"/>
  <testcase name="ItshouldbeBtw1And6[30]" classname="game.DieTest" time="0.001"/>
  <testcase name="ItshouldbeBtw1And6[31]" classname="game.DieTest" time="0.001"/>
  <testcase name="ItshouldbeBtw1And6[32]" classname="game.DieTest" time="0.001"/>
  <testcase name="ItshouldbeBtw1And6[33]" classname="game.DieTest" time="0.001"/>
  <testcase name="ItshouldbeBtw1And6[34]" classname="game.DieTest" time="0.001"/>
  <testcase name="ItshouldbeBtw1And6[35]" classname="game.DieTest" time="0"/>
  <testcase name="ItshouldbeBtw1And6[36]" classname="game.DieTest" time="0.001"/>
  <testcase name="ItshouldbeBtw1And6[37]" classname="game.DieTest" time="0"/>
  <testcase name="ItshouldbeBtw1And6[38]" classname="game.DieTest" time="0.001"/>
  <testcase name="ItshouldbeBtw1And6[39]" classname="game.DieTest" time="0.001"/>
  <testcase name="ItshouldbeBtw1And6[40]" classname="game.DieTest" time="0.001"/>
  <testcase name="ItshouldbeBtw1And6[41]" classname="game.DieTest" time="0.001"/>
  <testcase name="ItshouldbeBtw1And6[42]" classname="game.DieTest" time="0"/>
  <testcase name="ItshouldbeBtw1And6[43]" classname="game.DieTest" time="0"/>
  <testcase name="ItshouldbeBtw1And6[44]" classname="game.DieTest" time="0"/>
  <testcase name="ItshouldbeBtw1And6[45]" classname="game.DieTest" time="0"/>
  <testcase name="ItshouldbeBtw1And6[46]" classname="game.DieTest" time="0"/>
  <testcase name="ItshouldbeBtw1And6[47]" classname="game.DieTest" time="0"/>
  <testcase name="ItshouldbeBtw1And6[48]" classname="game.DieTest" time="0"/>
  <testcase name="ItshouldbeBtw1And6[49]" classname="game.DieTest" time="0"/>
  <testcase name="ItshouldbeBtw1And6[50]" classname="game.DieTest" time="0"/>
  <testcase name="ItshouldbeBtw1And6[51]" classname="game.DieTest" time="0.001"/>
  <testcase name="ItshouldbeBtw1And6[52]" classname="game.DieTest" time="0.001"/>
  <testcase name="ItshouldbeBtw1And6[53]" classname="game.DieTest" time="0"/>
  <testcase name="ItshouldbeBtw1And6[54]" classname="game.DieTest" time="0"/>
  <testcase name="ItshouldbeBtw1And6[55]" classname="game.DieTest" time="0"/>
  <testcase name="ItshouldbeBtw1And6[56]" classname="game.DieTest" time="0"/>
  <testcase name="ItshouldbeBtw1And6[57]" classname="game.DieTest" time="0"/>
  <testcase name="ItshouldbeBtw1And6[58]" classname="game.DieTest" time="0"/>
  <testcase name="ItshouldbeBtw1And6[59]" classname="game.DieTest" time="0"/>
  <testcase name="ItshouldbeBtw1And6[60]" classname="game.DieTest" time="0"/>
  <testcase name="ItshouldbeBtw1And6[61]" classname="game.DieTest" time="0.001"/>
  <testcase name="ItshouldbeBtw1And6[62]" classname="game.DieTest" time="0.001"/>
  <testcase name="ItshouldbeBtw1And6[63]" classname="game.DieTest" time="0.001"/>
  <testcase name="ItshouldbeBtw1And6[64]" classname="game.DieTest" time="0"/>
  <testcase name="ItshouldbeBtw1And6[65]" classname="game.DieTest" time="0"/>
  <testcase name="ItshouldbeBtw1And6[66]" classname="game.DieTest" time="0"/>
  <testcase name="ItshouldbeBtw1And6[67]" classname="game.DieTest" time="0.001"/>
  <testcase name="ItshouldbeBtw1And6[68]" classname="game.DieTest" time="0"/>
  <testcase name="ItshouldbeBtw1And6[69]" classname="game.DieTest" time="0"/>
  <testcase name="ItshouldbeBtw1And6[70]" classname="game.DieTest" time="0.001"/>
  <testcase name="ItshouldbeBtw1And6[71]" classname="game.DieTest" time="0"/>
  <testcase name="ItshouldbeBtw1And6[72]" classname="game.DieTest" time="0"/>
  <testcase name="ItshouldbeBtw1And6[73]" classname="game.DieTest" time="0"/>
  <testcase name="ItshouldbeBtw1And6[74]" classname="game.DieTest" time="0"/>
  <testcase name="ItshouldbeBtw1And6[75]" classname="game.DieTest" time="0.001"/>
  <testcase name="ItshouldbeBtw1And6[76]" classname="game.DieTest" time="0.001"/>
  <testcase name="ItshouldbeBtw1And6[77]" classname="game.DieTest" time="0"/>
  <testcase name="ItshouldbeBtw1And6[78]" classname="game.DieTest" time="0"/>
  <testcase name="ItshouldbeBtw1And6[79]" classname="game.DieTest" time="0"/>
  <testcase name="ItshouldbeBtw1And6[80]" classname="game.DieTest" time="0"/>
  <testcase name="ItshouldbeBtw1And6[81]" classname="game.DieTest" time="0"/>
  <testcase name="ItshouldbeBtw1And6[82]" classname="game.DieTest" time="0"/>
  <testcase name="ItshouldbeBtw1And6[83]" classname="game.DieTest" time="0"/>
  <testcase name="ItshouldbeBtw1And6[84]" classname="game.DieTest" time="0.001"/>
  <testcase name="ItshouldbeBtw1And6[85]" classname="game.DieTest" time="0"/>
  <testcase name="ItshouldbeBtw1And6[86]" classname="game.DieTest" time="0"/>
  <testcase name="ItshouldbeBtw1And6[87]" classname="game.DieTest" time="0"/>
  <testcase name="ItshouldbeBtw1And6[88]" classname="game.DieTest" time="0"/>
  <testcase name="ItshouldbeBtw1And6[89]" classname="game.DieTest" time="0.001"/>
  <testcase name="ItshouldbeBtw1And6[90]" classname="game.DieTest" time="0.001"/>
  <testcase name="ItshouldbeBtw1And6[91]" classname="game.DieTest" time="0.001"/>
  <testcase name="ItshouldbeBtw1And6[92]" classname="game.DieTest" time="0.001"/>
  <testcase name="ItshouldbeBtw1And6[93]" classname="game.DieTest" time="0"/>
  <testcase name="ItshouldbeBtw1And6[94]" classname="game.DieTest" time="0"/>
  <testcase name="ItshouldbeBtw1And6[95]" classname="game.DieTest" time="0"/>
  <testcase name="ItshouldbeBtw1And6[96]" classname="game.DieTest" time="0"/>
  <testcase name="ItshouldbeBtw1And6[97]" classname="game.DieTest" time="0.001"/>
  <testcase name="ItshouldbeBtw1And6[98]" classname="game.DieTest" time="0"/>
  <testcase name="ItshouldbeBtw1And6[99]" classname="game.DieTest" time="0"/>
  <testcase name="ItshouldbeBtw1And6[100]" classname="game.DieTest" time="0"/>
</testsuite>