<?xml version="1.0" encoding="UTF-8"?>
<testsuite xmlns:xsi="http://www.w3.org/2001/XMLSchema-instance" xsi:noNamespaceSchemaLocation="https://maven.apache.org/surefire/maven-surefire-plugin/xsd/surefire-test-report.xsd" name="game.DieTest" time="0.109" tests="101" errors="0" skipped="0" failures="0">
  <properties>
[...]
</properties>
  <testcase name="itShouldbe0" classname="game.DieTest" time="0"/>
  <testcase name="ItshouldbeBtw2And12[1]" classname="game.DieTest" time="0"/>
  <testcase name="ItshouldbeBtw2And12[2]" classname="game.DieTest" time="0"/>
  <testcase name="ItshouldbeBtw2And12[3]" classname="game.DieTest" time="0"/>
  <testcase name="ItshouldbeBtw2And12[4]" classname="game.DieTest" time="0.001"/>
  <testcase name="ItshouldbeBtw2And12[5]" classname="game.DieTest" time="0"/>
  <testcase name="ItshouldbeBtw2And12[6]" classname="game.DieTest" time="0"/>
  <testcase name="ItshouldbeBtw2And12[7]" classname="game.DieTest" time="0"/>
  <testcase name="ItshouldbeBtw2And12[8]" classname="game.DieTest" time="0"/>
  <testcase name="ItshouldbeBtw2And12[9]" classname="game.DieTest" time="0"/>
  <testcase name="ItshouldbeBtw2And12[10]" classname="game.DieTest" time="0"/>
  <testcase name="ItshouldbeBtw2And12[11]" classname="game.DieTest" time="0.001"/>
  <testcase name="ItshouldbeBtw2And12[12]" classname="game.DieTest" time="0"/>
  <testcase name="ItshouldbeBtw2And12[13]" classname="game.DieTest" time="0.001"/>
  <testcase name="ItshouldbeBtw2And12[14]" classname="game.DieTest" time="0"/>
  <testcase name="ItshouldbeBtw2And12[15]" classname="game.DieTest" time="0"/>
  <testcase name="ItshouldbeBtw2And12[16]" classname="game.DieTest" time="0.001"/>
  <testcase name="ItshouldbeBtw2And12[17]" classname="game.DieTest" time="0"/>
  <testcase name="ItshouldbeBtw2And12[18]" classname="game.DieTest" time="0"/>
  <testcase name="ItshouldbeBtw2And12[19]" classname="game.DieTest" time="0"/>
  <testcase name="ItshouldbeBtw2And12[20]" classname="game.DieTest" time="0"/>
  <testcase name="ItshouldbeBtw2And12[21]" classname="game.DieTest" time="0.001"/>
  <testcase name="ItshouldbeBtw2And12[22]" classname="game.DieTest" time="0"/>
  <testcase name="ItshouldbeBtw2And12[23]" classname="game.DieTest" time="0"/>
  <testcase name="ItshouldbeBtw2And12[24]" classname="game.DieTest" time="0.001"/>
  <testcase name="ItshouldbeBtw2And12[25]" classname="game.DieTest" time="0"/>
  <testcase name="ItshouldbeBtw2And12[26]" classname="game.DieTest" time="0"/>
  <testcase name="ItshouldbeBtw2And12[27]" classname="game.DieTest" time="0"/>
  <testcase name="ItshouldbeBtw2And12[28]" classname="game.DieTest" time="0"/>
  <testcase name="ItshouldbeBtw2And12[29]" classname="game.DieTest" time="0"/>
  <testcase name="ItshouldbeBtw2And12[30]" classname="game.DieTest" time="0"/>
  <testcase name="ItshouldbeBtw2And12[31]" classname="game.DieTest" time="0.001"/>
  <testcase name="ItshouldbeBtw2And12[32]" classname="game.DieTest" time="0.001"/>
  <testcase name="ItshouldbeBtw2And12[33]" classname="game.DieTest" time="0.001"/>
  <testcase name="ItshouldbeBtw2And12[34]" classname="game.DieTest" time="0.001"/>
  <testcase name="ItshouldbeBtw2And12[35]" classname="game.DieTest" time="0"/>
  <testcase name="ItshouldbeBtw2And12[36]" classname="game.DieTest" time="0.001"/>
  <testcase name="ItshouldbeBtw2And12[37]" classname="game.DieTest" time="0"/>
  <testcase name="ItshouldbeBtw2And12[38]" classname="game.DieTest" time="0"/>
  <testcase name="ItshouldbeBtw2And12[39]" classname="game.DieTest" time="0"/>
  <testcase name="ItshouldbeBtw2And12[40]" classname="game.DieTest" time="0"/>
  <testcase name="ItshouldbeBtw2And12[41]" classname="game.DieTest" time="0"/>
  <testcase name="ItshouldbeBtw2And12[42]" classname="game.DieTest" time="0"/>
  <testcase name="ItshouldbeBtw2And12[43]" classname="game.DieTest" time="0.001"/>
  <testcase name="ItshouldbeBtw2And12[44]" classname="game.DieTest" time="0.001"/>
  <testcase name="ItshouldbeBtw2And12[45]" classname="game.DieTest" time="0.001"/>
  <testcase name="ItshouldbeBtw2And12[46]" classname="game.DieTest" time="0.001"/>
  <testcase name="ItshouldbeBtw2And12[47]" classname="game.DieTest" time="0.001"/>
  <testcase name="ItshouldbeBtw2And12[48]" classname="game.DieTest" time="0"/>
  <testcase name="ItshouldbeBtw2And12[49]" classname="game.DieTest" time="0"/>
  <testcase name="ItshouldbeBtw2And12[50]" classname="game.DieTest" time="0"/>
  <testcase name="ItshouldbeBtw2And12[51]" classname="game.DieTest" time="0"/>
  <testcase name="ItshouldbeBtw2And12[52]" classname="game.DieTest" time="0"/>
  <testcase name="ItshouldbeBtw2And12[53]" classname="game.DieTest" time="0"/>
  <testcase name="ItshouldbeBtw2And12[54]" classname="game.DieTest" time="0"/>
  <testcase name="ItshouldbeBtw2And12[55]" classname="game.DieTest" time="0"/>
  <testcase name="ItshouldbeBtw2And12[56]" classname="game.DieTest" time="0"/>
  <testcase name="ItshouldbeBtw2And12[57]" classname="game.DieTest" time="0.001"/>
  <testcase name="ItshouldbeBtw2And12[58]" classname="game.DieTest" time="0.001"/>
  <testcase name="ItshouldbeBtw2And12[59]" classname="game.DieTest" time="0"/>
  <testcase name="ItshouldbeBtw2And12[60]" classname="game.DieTest" time="0"/>
  <testcase name="ItshouldbeBtw2And12[61]" classname="game.DieTest" time="0"/>
  <testcase name="ItshouldbeBtw2And12[62]" classname="game.DieTest" time="0"/>
  <testcase name="ItshouldbeBtw2And12[63]" classname="game.DieTest" time="0.001"/>
  <testcase name="ItshouldbeBtw2And12[64]" classname="game.DieTest" time="0.001"/>
  <testcase name="ItshouldbeBtw2And12[65]" classname="game.DieTest" time="0"/>
  <testcase name="ItshouldbeBtw2And12[66]" classname="game.DieTest" time="0"/>
  <testcase name="ItshouldbeBtw2And12[67]" classname="game.DieTest" time="0"/>
  <testcase name="ItshouldbeBtw2And12[68]" classname="game.DieTest" time="0"/>
  <testcase name="ItshouldbeBtw2And12[69]" classname="game.DieTest" time="0"/>
  <testcase name="ItshouldbeBtw2And12[70]" classname="game.DieTest" time="0"/>
  <testcase name="ItshouldbeBtw2And12[71]" classname="game.DieTest" time="0"/>
  <testcase name="ItshouldbeBtw2And12[72]" classname="game.DieTest" time="0"/>
  <testcase name="ItshouldbeBtw2And12[73]" classname="game.DieTest" time="0"/>
  <testcase name="ItshouldbeBtw2And12[74]" classname="game.DieTest" time="0"/>
  <testcase name="ItshouldbeBtw2And12[75]" classname="game.DieTest" time="0"/>
  <testcase name="ItshouldbeBtw2And12[76]" classname="game.DieTest" time="0"/>
  <testcase name="ItshouldbeBtw2And12[77]" classname="game.DieTest" time="0.001"/>
  <testcase name="ItshouldbeBtw2And12[78]" classname="game.DieTest" time="0.001"/>
  <testcase name="ItshouldbeBtw2And12[79]" classname="game.DieTest" time="0.001"/>
  <testcase name="ItshouldbeBtw2And12[80]" classname="game.DieTest" time="0.001"/>
  <testcase name="ItshouldbeBtw2And12[81]" classname="game.DieTest" time="0.001"/>
  <testcase name="ItshouldbeBtw2And12[82]" classname="game.DieTest" time="0.001"/>
  <testcase name="ItshouldbeBtw2And12[83]" classname="game.DieTest" time="0.001"/>
  <testcase name="ItshouldbeBtw2And12[84]" classname="game.DieTest" time="0"/>
  <testcase name="ItshouldbeBtw2And12[85]" classname="game.DieTest" time="0"/>
  <testcase name="ItshouldbeBtw2And12[86]" classname="game.DieTest" time="0"/>
  <testcase name="ItshouldbeBtw2And12[87]" classname="game.DieTest" time="0.001"/>
  <testcase name="ItshouldbeBtw2And12[88]" classname="game.DieTest" time="0.001"/>
  <testcase name="ItshouldbeBtw2And12[89]" classname="game.DieTest" time="0"/>
  <testcase name="ItshouldbeBtw2And12[90]" classname="game.DieTest" time="0"/>
  <testcase name="ItshouldbeBtw2And12[91]" classname="game.DieTest" time="0"/>
  <testcase name="ItshouldbeBtw2And12[92]" classname="game.DieTest" time="0"/>
  <testcase name="ItshouldbeBtw2And12[93]" classname="game.DieTest" time="0"/>
  <testcase name="ItshouldbeBtw2And12[94]" classname="game.DieTest" time="0"/>
  <testcase name="ItshouldbeBtw2And12[95]" classname="game.DieTest" time="0"/>
  <testcase name="ItshouldbeBtw2And12[96]" classname="game.DieTest" time="0"/>
  <testcase name="ItshouldbeBtw2And12[97]" classname="game.DieTest" time="0"/>
  <testcase name="ItshouldbeBtw2And12[98]" classname="game.DieTest" time="0"/>
  <testcase name="ItshouldbeBtw2And12[99]" classname="game.DieTest" time="0"/>
  <testcase name="ItshouldbeBtw2And12[100]" classname="game.DieTest" time="0.001"/>
</testsuite>